Build started 2019/1/9 16:39:57.
     1>Project "D:\tianyu\test\An ffmpeg and SDL Tutorial\tutorial05\tutorial05\tutorial05\tutorial05.vcxproj" on node 2 (build target(s)).
     1>InitializeBuildStatus:
         Creating "Debug\tutorial05.unsuccessfulbuild" because "AlwaysCreate" was specified.
       ClCompile:
         All outputs are up-to-date.
         C:\Program Files (x86)\Microsoft Visual Studio 10.0\VC\bin\CL.exe /c /I..\include /ZI /nologo /W3 /WX- /Od /Oy- /D WIN32 /D _DEBUG /D _CONSOLE /D _UNICODE /D UNICODE /Gm /EHsc /RTC1 /MDd /GS /fp:precise /Zc:wchar_t /Zc:forScope /Yu"StdAfx.h" /Fp"Debug\tutorial05.pch" /Fo"Debug\\" /Fd"Debug\vc100.pdb" /Gd /TP /analyze- /errorReport:prompt tutorial05.cpp
         tutorial05.cpp
     1>d:\tianyu\test\an ffmpeg and sdl tutorial\tutorial05\tutorial05\include\libavutil\rational.h : warning C4819: The file contains a character that cannot be represented in the current code page (936). Save the file in Unicode format to prevent data loss
     1>d:\tianyu\test\an ffmpeg and sdl tutorial\tutorial05\tutorial05\include\libavutil\rational.h : warning C4819: The file contains a character that cannot be represented in the current code page (936). Save the file in Unicode format to prevent data loss
     1>d:\tianyu\test\an ffmpeg and sdl tutorial\tutorial05\tutorial05\include\libavutil\rational.h : warning C4819: The file contains a character that cannot be represented in the current code page (936). Save the file in Unicode format to prevent data loss
     1>d:\tianyu\test\an ffmpeg and sdl tutorial\tutorial05\tutorial05\include\libavutil\rational.h : warning C4819: The file contains a character that cannot be represented in the current code page (936). Save the file in Unicode format to prevent data loss
     1>d:\tianyu\test\an ffmpeg and sdl tutorial\tutorial05\tutorial05\tutorial05\tutorial05.cpp(130): warning C4996: 'av_dup_packet': was declared deprecated
                 d:\tianyu\test\an ffmpeg and sdl tutorial\tutorial05\tutorial05\include\libavcodec\avcodec.h(4621) : see declaration of 'av_dup_packet'
     1>d:\tianyu\test\an ffmpeg and sdl tutorial\tutorial05\tutorial05\tutorial05\tutorial05.cpp(204): warning C4996: 'AVStream::codec': was declared deprecated
                 d:\tianyu\test\an ffmpeg and sdl tutorial\tutorial05\tutorial05\include\libavformat\avformat.h(893) : see declaration of 'AVStream::codec'
     1>d:\tianyu\test\an ffmpeg and sdl tutorial\tutorial05\tutorial05\tutorial05\tutorial05.cpp(207): warning C4996: 'AVStream::codec': was declared deprecated
                 d:\tianyu\test\an ffmpeg and sdl tutorial\tutorial05\tutorial05\include\libavformat\avformat.h(893) : see declaration of 'AVStream::codec'
     1>d:\tianyu\test\an ffmpeg and sdl tutorial\tutorial05\tutorial05\tutorial05\tutorial05.cpp(227): warning C4996: 'AVStream::codec': was declared deprecated
                 d:\tianyu\test\an ffmpeg and sdl tutorial\tutorial05\tutorial05\include\libavformat\avformat.h(893) : see declaration of 'AVStream::codec'
     1>d:\tianyu\test\an ffmpeg and sdl tutorial\tutorial05\tutorial05\tutorial05\tutorial05.cpp(227): warning C4996: 'avcodec_decode_audio4': was declared deprecated
                 d:\tianyu\test\an ffmpeg and sdl tutorial\tutorial05\tutorial05\include\libavcodec\avcodec.h(4944) : see declaration of 'avcodec_decode_audio4'
     1>d:\tianyu\test\an ffmpeg and sdl tutorial\tutorial05\tutorial05\tutorial05\tutorial05.cpp(236): warning C4996: 'AVStream::codec': was declared deprecated
                 d:\tianyu\test\an ffmpeg and sdl tutorial\tutorial05\tutorial05\include\libavformat\avformat.h(893) : see declaration of 'AVStream::codec'
     1>d:\tianyu\test\an ffmpeg and sdl tutorial\tutorial05\tutorial05\tutorial05\tutorial05.cpp(236): warning C4996: 'AVStream::codec': was declared deprecated
                 d:\tianyu\test\an ffmpeg and sdl tutorial\tutorial05\tutorial05\include\libavformat\avformat.h(893) : see declaration of 'AVStream::codec'
     1>d:\tianyu\test\an ffmpeg and sdl tutorial\tutorial05\tutorial05\tutorial05\tutorial05.cpp(248): warning C4996: 'AVStream::codec': was declared deprecated
                 d:\tianyu\test\an ffmpeg and sdl tutorial\tutorial05\tutorial05\include\libavformat\avformat.h(893) : see declaration of 'AVStream::codec'
     1>d:\tianyu\test\an ffmpeg and sdl tutorial\tutorial05\tutorial05\tutorial05\tutorial05.cpp(250): warning C4996: 'AVStream::codec': was declared deprecated
                 d:\tianyu\test\an ffmpeg and sdl tutorial\tutorial05\tutorial05\include\libavformat\avformat.h(893) : see declaration of 'AVStream::codec'
     1>d:\tianyu\test\an ffmpeg and sdl tutorial\tutorial05\tutorial05\tutorial05\tutorial05.cpp(256): warning C4996: 'av_free_packet': was declared deprecated
                 d:\tianyu\test\an ffmpeg and sdl tutorial\tutorial05\tutorial05\include\libavcodec\avcodec.h(4650) : see declaration of 'av_free_packet'
     1>d:\tianyu\test\an ffmpeg and sdl tutorial\tutorial05\tutorial05\tutorial05\tutorial05.cpp(343): warning C4996: 'AVStream::codec': was declared deprecated
                 d:\tianyu\test\an ffmpeg and sdl tutorial\tutorial05\tutorial05\include\libavformat\avformat.h(893) : see declaration of 'AVStream::codec'
     1>d:\tianyu\test\an ffmpeg and sdl tutorial\tutorial05\tutorial05\tutorial05\tutorial05.cpp(349): warning C4996: 'AVStream::codec': was declared deprecated
                 d:\tianyu\test\an ffmpeg and sdl tutorial\tutorial05\tutorial05\include\libavformat\avformat.h(893) : see declaration of 'AVStream::codec'
     1>d:\tianyu\test\an ffmpeg and sdl tutorial\tutorial05\tutorial05\tutorial05\tutorial05.cpp(349): warning C4996: 'AVStream::codec': was declared deprecated
                 d:\tianyu\test\an ffmpeg and sdl tutorial\tutorial05\tutorial05\include\libavformat\avformat.h(893) : see declaration of 'AVStream::codec'
     1>d:\tianyu\test\an ffmpeg and sdl tutorial\tutorial05\tutorial05\tutorial05\tutorial05.cpp(349): warning C4996: 'AVStream::codec': was declared deprecated
                 d:\tianyu\test\an ffmpeg and sdl tutorial\tutorial05\tutorial05\include\libavformat\avformat.h(893) : see declaration of 'AVStream::codec'
     1>d:\tianyu\test\an ffmpeg and sdl tutorial\tutorial05\tutorial05\tutorial05\tutorial05.cpp(349): warning C4244: '=' : conversion from 'double' to 'float', possible loss of data
     1>d:\tianyu\test\an ffmpeg and sdl tutorial\tutorial05\tutorial05\tutorial05\tutorial05.cpp(353): warning C4996: 'AVStream::codec': was declared deprecated
                 d:\tianyu\test\an ffmpeg and sdl tutorial\tutorial05\tutorial05\include\libavformat\avformat.h(893) : see declaration of 'AVStream::codec'
     1>d:\tianyu\test\an ffmpeg and sdl tutorial\tutorial05\tutorial05\tutorial05\tutorial05.cpp(353): warning C4996: 'AVStream::codec': was declared deprecated
                 d:\tianyu\test\an ffmpeg and sdl tutorial\tutorial05\tutorial05\include\libavformat\avformat.h(893) : see declaration of 'AVStream::codec'
     1>d:\tianyu\test\an ffmpeg and sdl tutorial\tutorial05\tutorial05\tutorial05\tutorial05.cpp(460): warning C4996: 'AVStream::codec': was declared deprecated
                 d:\tianyu\test\an ffmpeg and sdl tutorial\tutorial05\tutorial05\include\libavformat\avformat.h(893) : see declaration of 'AVStream::codec'
     1>d:\tianyu\test\an ffmpeg and sdl tutorial\tutorial05\tutorial05\tutorial05\tutorial05.cpp(460): warning C4996: 'AVStream::codec': was declared deprecated
                 d:\tianyu\test\an ffmpeg and sdl tutorial\tutorial05\tutorial05\include\libavformat\avformat.h(893) : see declaration of 'AVStream::codec'
     1>d:\tianyu\test\an ffmpeg and sdl tutorial\tutorial05\tutorial05\tutorial05\tutorial05.cpp(461): warning C4996: 'AVStream::codec': was declared deprecated
                 d:\tianyu\test\an ffmpeg and sdl tutorial\tutorial05\tutorial05\include\libavformat\avformat.h(893) : see declaration of 'AVStream::codec'
     1>d:\tianyu\test\an ffmpeg and sdl tutorial\tutorial05\tutorial05\tutorial05\tutorial05.cpp(462): warning C4996: 'AVStream::codec': was declared deprecated
                 d:\tianyu\test\an ffmpeg and sdl tutorial\tutorial05\tutorial05\include\libavformat\avformat.h(893) : see declaration of 'AVStream::codec'
     1>d:\tianyu\test\an ffmpeg and sdl tutorial\tutorial05\tutorial05\tutorial05\tutorial05.cpp(492): warning C4996: 'AVStream::codec': was declared deprecated
                 d:\tianyu\test\an ffmpeg and sdl tutorial\tutorial05\tutorial05\include\libavformat\avformat.h(893) : see declaration of 'AVStream::codec'
     1>d:\tianyu\test\an ffmpeg and sdl tutorial\tutorial05\tutorial05\tutorial05\tutorial05.cpp(492): warning C4996: 'AVStream::codec': was declared deprecated
                 d:\tianyu\test\an ffmpeg and sdl tutorial\tutorial05\tutorial05\include\libavformat\avformat.h(893) : see declaration of 'AVStream::codec'
     1>d:\tianyu\test\an ffmpeg and sdl tutorial\tutorial05\tutorial05\tutorial05\tutorial05.cpp(526): warning C4996: 'AVPicture::data': was declared deprecated
                 d:\tianyu\test\an ffmpeg and sdl tutorial\tutorial05\tutorial05\include\libavcodec\avcodec.h(4063) : see declaration of 'AVPicture::data'
     1>d:\tianyu\test\an ffmpeg and sdl tutorial\tutorial05\tutorial05\tutorial05\tutorial05.cpp(527): warning C4996: 'AVPicture::data': was declared deprecated
                 d:\tianyu\test\an ffmpeg and sdl tutorial\tutorial05\tutorial05\include\libavcodec\avcodec.h(4063) : see declaration of 'AVPicture::data'
     1>d:\tianyu\test\an ffmpeg and sdl tutorial\tutorial05\tutorial05\tutorial05\tutorial05.cpp(528): warning C4996: 'AVPicture::data': was declared deprecated
                 d:\tianyu\test\an ffmpeg and sdl tutorial\tutorial05\tutorial05\include\libavcodec\avcodec.h(4063) : see declaration of 'AVPicture::data'
     1>d:\tianyu\test\an ffmpeg and sdl tutorial\tutorial05\tutorial05\tutorial05\tutorial05.cpp(530): warning C4996: 'AVPicture::linesize': was declared deprecated
                 d:\tianyu\test\an ffmpeg and sdl tutorial\tutorial05\tutorial05\include\libavcodec\avcodec.h(4065) : see declaration of 'AVPicture::linesize'
     1>d:\tianyu\test\an ffmpeg and sdl tutorial\tutorial05\tutorial05\tutorial05\tutorial05.cpp(531): warning C4996: 'AVPicture::linesize': was declared deprecated
                 d:\tianyu\test\an ffmpeg and sdl tutorial\tutorial05\tutorial05\include\libavcodec\avcodec.h(4065) : see declaration of 'AVPicture::linesize'
     1>d:\tianyu\test\an ffmpeg and sdl tutorial\tutorial05\tutorial05\tutorial05\tutorial05.cpp(532): warning C4996: 'AVPicture::linesize': was declared deprecated
                 d:\tianyu\test\an ffmpeg and sdl tutorial\tutorial05\tutorial05\include\libavcodec\avcodec.h(4065) : see declaration of 'AVPicture::linesize'
     1>d:\tianyu\test\an ffmpeg and sdl tutorial\tutorial05\tutorial05\tutorial05\tutorial05.cpp(535): warning C4996: 'AVStream::codec': was declared deprecated
                 d:\tianyu\test\an ffmpeg and sdl tutorial\tutorial05\tutorial05\include\libavformat\avformat.h(893) : see declaration of 'AVStream::codec'
     1>d:\tianyu\test\an ffmpeg and sdl tutorial\tutorial05\tutorial05\tutorial05\tutorial05.cpp(535): warning C4996: 'AVPicture::data': was declared deprecated
                 d:\tianyu\test\an ffmpeg and sdl tutorial\tutorial05\tutorial05\include\libavcodec\avcodec.h(4063) : see declaration of 'AVPicture::data'
     1>d:\tianyu\test\an ffmpeg and sdl tutorial\tutorial05\tutorial05\tutorial05\tutorial05.cpp(535): warning C4996: 'AVPicture::linesize': was declared deprecated
                 d:\tianyu\test\an ffmpeg and sdl tutorial\tutorial05\tutorial05\include\libavcodec\avcodec.h(4065) : see declaration of 'AVPicture::linesize'
     1>d:\tianyu\test\an ffmpeg and sdl tutorial\tutorial05\tutorial05\tutorial05\tutorial05.cpp(568): warning C4996: 'AVStream::codec': was declared deprecated
                 d:\tianyu\test\an ffmpeg and sdl tutorial\tutorial05\tutorial05\include\libavformat\avformat.h(893) : see declaration of 'AVStream::codec'
     1>d:\tianyu\test\an ffmpeg and sdl tutorial\tutorial05\tutorial05\tutorial05\tutorial05.cpp(622): warning C4996: 'AVStream::codec': was declared deprecated
                 d:\tianyu\test\an ffmpeg and sdl tutorial\tutorial05\tutorial05\include\libavformat\avformat.h(893) : see declaration of 'AVStream::codec'
     1>d:\tianyu\test\an ffmpeg and sdl tutorial\tutorial05\tutorial05\tutorial05\tutorial05.cpp(622): warning C4996: 'avcodec_decode_video2': was declared deprecated
                 d:\tianyu\test\an ffmpeg and sdl tutorial\tutorial05\tutorial05\include\libavcodec\avcodec.h(4993) : see declaration of 'avcodec_decode_video2'
     1>d:\tianyu\test\an ffmpeg and sdl tutorial\tutorial05\tutorial05\tutorial05\tutorial05.cpp(626): warning C4244: '=' : conversion from 'uint64_t' to 'double', possible loss of data
     1>d:\tianyu\test\an ffmpeg and sdl tutorial\tutorial05\tutorial05\tutorial05\tutorial05.cpp(630): warning C4244: '=' : conversion from 'int64_t' to 'double', possible loss of data
     1>d:\tianyu\test\an ffmpeg and sdl tutorial\tutorial05\tutorial05\tutorial05\tutorial05.cpp(647): warning C4996: 'av_free_packet': was declared deprecated
                 d:\tianyu\test\an ffmpeg and sdl tutorial\tutorial05\tutorial05\include\libavcodec\avcodec.h(4650) : see declaration of 'av_free_packet'
     1>d:\tianyu\test\an ffmpeg and sdl tutorial\tutorial05\tutorial05\tutorial05\tutorial05.cpp(662): warning C4018: '>=' : signed/unsigned mismatch
     1>d:\tianyu\test\an ffmpeg and sdl tutorial\tutorial05\tutorial05\tutorial05\tutorial05.cpp(668): warning C4996: 'AVStream::codec': was declared deprecated
                 d:\tianyu\test\an ffmpeg and sdl tutorial\tutorial05\tutorial05\include\libavformat\avformat.h(893) : see declaration of 'AVStream::codec'
     1>d:\tianyu\test\an ffmpeg and sdl tutorial\tutorial05\tutorial05\tutorial05\tutorial05.cpp(717): warning C4996: 'AVStream::codec': was declared deprecated
                 d:\tianyu\test\an ffmpeg and sdl tutorial\tutorial05\tutorial05\include\libavformat\avformat.h(893) : see declaration of 'AVStream::codec'
     1>d:\tianyu\test\an ffmpeg and sdl tutorial\tutorial05\tutorial05\tutorial05\tutorial05.cpp(717): warning C4996: 'AVStream::codec': was declared deprecated
                 d:\tianyu\test\an ffmpeg and sdl tutorial\tutorial05\tutorial05\include\libavformat\avformat.h(893) : see declaration of 'AVStream::codec'
     1>d:\tianyu\test\an ffmpeg and sdl tutorial\tutorial05\tutorial05\tutorial05\tutorial05.cpp(718): warning C4996: 'AVStream::codec': was declared deprecated
                 d:\tianyu\test\an ffmpeg and sdl tutorial\tutorial05\tutorial05\include\libavformat\avformat.h(893) : see declaration of 'AVStream::codec'
     1>d:\tianyu\test\an ffmpeg and sdl tutorial\tutorial05\tutorial05\tutorial05\tutorial05.cpp(719): warning C4996: 'AVStream::codec': was declared deprecated
                 d:\tianyu\test\an ffmpeg and sdl tutorial\tutorial05\tutorial05\include\libavformat\avformat.h(893) : see declaration of 'AVStream::codec'
     1>d:\tianyu\test\an ffmpeg and sdl tutorial\tutorial05\tutorial05\tutorial05\tutorial05.cpp(720): warning C4996: 'AVStream::codec': was declared deprecated
                 d:\tianyu\test\an ffmpeg and sdl tutorial\tutorial05\tutorial05\include\libavformat\avformat.h(893) : see declaration of 'AVStream::codec'
     1>d:\tianyu\test\an ffmpeg and sdl tutorial\tutorial05\tutorial05\tutorial05\tutorial05.cpp(784): warning C4018: '<' : signed/unsigned mismatch
     1>d:\tianyu\test\an ffmpeg and sdl tutorial\tutorial05\tutorial05\tutorial05\tutorial05.cpp(786): warning C4996: 'AVStream::codec': was declared deprecated
                 d:\tianyu\test\an ffmpeg and sdl tutorial\tutorial05\tutorial05\include\libavformat\avformat.h(893) : see declaration of 'AVStream::codec'
     1>d:\tianyu\test\an ffmpeg and sdl tutorial\tutorial05\tutorial05\tutorial05\tutorial05.cpp(790): warning C4996: 'AVStream::codec': was declared deprecated
                 d:\tianyu\test\an ffmpeg and sdl tutorial\tutorial05\tutorial05\include\libavformat\avformat.h(893) : see declaration of 'AVStream::codec'
     1>d:\tianyu\test\an ffmpeg and sdl tutorial\tutorial05\tutorial05\tutorial05\tutorial05.cpp(847): warning C4996: 'av_free_packet': was declared deprecated
                 d:\tianyu\test\an ffmpeg and sdl tutorial\tutorial05\tutorial05\include\libavcodec\avcodec.h(4650) : see declaration of 'av_free_packet'
       ManifestResourceCompile:
         All outputs are up-to-date.
       Link:
         C:\Program Files (x86)\Microsoft Visual Studio 10.0\VC\bin\link.exe /ERRORREPORT:PROMPT /OUT:"D:\tianyu\test\An ffmpeg and SDL Tutorial\tutorial05\tutorial05\Debug\tutorial05.exe" /INCREMENTAL /NOLOGO /LIBPATH:..\lib avformat.lib avcodec.lib avutil.lib swscale.lib SDL.lib SDLmain.lib kernel32.lib user32.lib gdi32.lib winspool.lib comdlg32.lib advapi32.lib shell32.lib ole32.lib oleaut32.lib uuid.lib odbc32.lib odbccp32.lib /MANIFEST /ManifestFile:"Debug\tutorial05.exe.intermediate.manifest" /MANIFESTUAC:"level='asInvoker' uiAccess='false'" /DEBUG /PDB:"D:\tianyu\test\An ffmpeg and SDL Tutorial\tutorial05\tutorial05\Debug\tutorial05.pdb" /SUBSYSTEM:CONSOLE /TLBID:1 /DYNAMICBASE /NXCOMPAT /IMPLIB:"D:\tianyu\test\An ffmpeg and SDL Tutorial\tutorial05\tutorial05\Debug\tutorial05.lib" /MACHINE:X86 Debug\tutorial05.exe.embed.manifest.res
         Debug\stdafx.obj
         Debug\tutorial05.obj
       Manifest:
         C:\Program Files (x86)\Microsoft SDKs\Windows\v7.0A\bin\mt.exe /nologo /verbose /out:"Debug\tutorial05.exe.embed.manifest" /manifest Debug\tutorial05.exe.intermediate.manifest
         All outputs are up-to-date.
       LinkEmbedManifest:
         All outputs are up-to-date.
         tutorial05.vcxproj -> D:\tianyu\test\An ffmpeg and SDL Tutorial\tutorial05\tutorial05\Debug\tutorial05.exe
       FinalizeBuildStatus:
         Deleting file "Debug\tutorial05.unsuccessfulbuild".
         Touching "Debug\tutorial05.lastbuildstate".
     1>Done Building Project "D:\tianyu\test\An ffmpeg and SDL Tutorial\tutorial05\tutorial05\tutorial05\tutorial05.vcxproj" (build target(s)).

Build succeeded.

Time Elapsed 00:00:01.21
