Build started 2019/1/9 10:44:41.
     1>Project "D:\tianyu\test\An ffmpeg and SDL Tutorial\tutorial01\tutorial01\tutorial01\tutorial01.vcxproj" on node 2 (build target(s)).
     1>InitializeBuildStatus:
         Creating "Debug\tutorial01.unsuccessfulbuild" because "AlwaysCreate" was specified.
       ClCompile:
         All outputs are up-to-date.
         C:\Program Files (x86)\Microsoft Visual Studio 10.0\VC\bin\CL.exe /c /I..\include /ZI /nologo /W3 /WX- /Od /Oy- /D WIN32 /D _DEBUG /D _CONSOLE /D _UNICODE /D UNICODE /Gm /EHsc /RTC1 /MDd /GS /fp:precise /Zc:wchar_t /Zc:forScope /Yu"StdAfx.h" /Fp"Debug\tutorial01.pch" /Fo"Debug\\" /Fd"Debug\vc100.pdb" /Gd /TP /analyze- /errorReport:prompt tutorial01.cpp
         tutorial01.cpp
     1>d:\tianyu\test\an ffmpeg and sdl tutorial\tutorial01\tutorial01\include\libavutil\rational.h : warning C4819: The file contains a character that cannot be represented in the current code page (936). Save the file in Unicode format to prevent data loss
     1>d:\tianyu\test\an ffmpeg and sdl tutorial\tutorial01\tutorial01\include\libavutil\rational.h : warning C4819: The file contains a character that cannot be represented in the current code page (936). Save the file in Unicode format to prevent data loss
     1>d:\tianyu\test\an ffmpeg and sdl tutorial\tutorial01\tutorial01\include\libavutil\rational.h : warning C4819: The file contains a character that cannot be represented in the current code page (936). Save the file in Unicode format to prevent data loss
     1>d:\tianyu\test\an ffmpeg and sdl tutorial\tutorial01\tutorial01\include\libavutil\rational.h : warning C4819: The file contains a character that cannot be represented in the current code page (936). Save the file in Unicode format to prevent data loss
     1>d:\tianyu\test\an ffmpeg and sdl tutorial\tutorial01\tutorial01\tutorial01\tutorial01.cpp(57): warning C4996: 'sprintf': This function or variable may be unsafe. Consider using sprintf_s instead. To disable deprecation, use _CRT_SECURE_NO_WARNINGS. See online help for details.
                 c:\program files (x86)\microsoft visual studio 10.0\vc\include\stdio.h(371) : see declaration of 'sprintf'
     1>d:\tianyu\test\an ffmpeg and sdl tutorial\tutorial01\tutorial01\tutorial01\tutorial01.cpp(58): warning C4996: 'fopen': This function or variable may be unsafe. Consider using fopen_s instead. To disable deprecation, use _CRT_SECURE_NO_WARNINGS. See online help for details.
                 c:\program files (x86)\microsoft visual studio 10.0\vc\include\stdio.h(234) : see declaration of 'fopen'
     1>d:\tianyu\test\an ffmpeg and sdl tutorial\tutorial01\tutorial01\tutorial01\tutorial01.cpp(112): warning C4018: '<' : signed/unsigned mismatch
     1>d:\tianyu\test\an ffmpeg and sdl tutorial\tutorial01\tutorial01\tutorial01\tutorial01.cpp(113): warning C4996: 'AVStream::codec': was declared deprecated
                 d:\tianyu\test\an ffmpeg and sdl tutorial\tutorial01\tutorial01\include\libavformat\avformat.h(893) : see declaration of 'AVStream::codec'
     1>d:\tianyu\test\an ffmpeg and sdl tutorial\tutorial01\tutorial01\tutorial01\tutorial01.cpp(122): warning C4996: 'AVStream::codec': was declared deprecated
                 d:\tianyu\test\an ffmpeg and sdl tutorial\tutorial01\tutorial01\include\libavformat\avformat.h(893) : see declaration of 'AVStream::codec'
     1>d:\tianyu\test\an ffmpeg and sdl tutorial\tutorial01\tutorial01\tutorial01\tutorial01.cpp(132): warning C4996: 'avcodec_copy_context': was declared deprecated
                 d:\tianyu\test\an ffmpeg and sdl tutorial\tutorial01\tutorial01\include\libavcodec\avcodec.h(4412) : see declaration of 'avcodec_copy_context'
     1>d:\tianyu\test\an ffmpeg and sdl tutorial\tutorial01\tutorial01\tutorial01\tutorial01.cpp(150): warning C4996: 'avpicture_get_size': was declared deprecated
                 d:\tianyu\test\an ffmpeg and sdl tutorial\tutorial01\tutorial01\include\libavcodec\avcodec.h(5653) : see declaration of 'avpicture_get_size'
     1>d:\tianyu\test\an ffmpeg and sdl tutorial\tutorial01\tutorial01\tutorial01\tutorial01.cpp(157): warning C4996: 'avpicture_fill': was declared deprecated
                 d:\tianyu\test\an ffmpeg and sdl tutorial\tutorial01\tutorial01\include\libavcodec\avcodec.h(5638) : see declaration of 'avpicture_fill'
     1>d:\tianyu\test\an ffmpeg and sdl tutorial\tutorial01\tutorial01\tutorial01\tutorial01.cpp(178): warning C4996: 'avcodec_decode_video2': was declared deprecated
                 d:\tianyu\test\an ffmpeg and sdl tutorial\tutorial01\tutorial01\include\libavcodec\avcodec.h(4993) : see declaration of 'avcodec_decode_video2'
     1>d:\tianyu\test\an ffmpeg and sdl tutorial\tutorial01\tutorial01\tutorial01\tutorial01.cpp(194): warning C4996: 'av_free_packet': was declared deprecated
                 d:\tianyu\test\an ffmpeg and sdl tutorial\tutorial01\tutorial01\include\libavcodec\avcodec.h(4650) : see declaration of 'av_free_packet'
       ManifestResourceCompile:
         All outputs are up-to-date.
       Link:
         C:\Program Files (x86)\Microsoft Visual Studio 10.0\VC\bin\link.exe /ERRORREPORT:PROMPT /OUT:"D:\tianyu\test\An ffmpeg and SDL Tutorial\tutorial01\tutorial01\Debug\tutorial01.exe" /INCREMENTAL /NOLOGO /LIBPATH:..\lib avformat.lib avcodec.lib avutil.lib swscale.lib kernel32.lib user32.lib gdi32.lib winspool.lib comdlg32.lib advapi32.lib shell32.lib ole32.lib oleaut32.lib uuid.lib odbc32.lib odbccp32.lib /MANIFEST /ManifestFile:"Debug\tutorial01.exe.intermediate.manifest" /MANIFESTUAC:"level='asInvoker' uiAccess='false'" /DEBUG /PDB:"D:\tianyu\test\An ffmpeg and SDL Tutorial\tutorial01\tutorial01\Debug\tutorial01.pdb" /SUBSYSTEM:CONSOLE /TLBID:1 /DYNAMICBASE /NXCOMPAT /IMPLIB:"D:\tianyu\test\An ffmpeg and SDL Tutorial\tutorial01\tutorial01\Debug\tutorial01.lib" /MACHINE:X86 Debug\tutorial01.exe.embed.manifest.res
         Debug\stdafx.obj
         Debug\tutorial01.obj
       Manifest:
         C:\Program Files (x86)\Microsoft SDKs\Windows\v7.0A\bin\mt.exe /nologo /verbose /out:"Debug\tutorial01.exe.embed.manifest" /manifest Debug\tutorial01.exe.intermediate.manifest
         All outputs are up-to-date.
       LinkEmbedManifest:
         All outputs are up-to-date.
         tutorial01.vcxproj -> D:\tianyu\test\An ffmpeg and SDL Tutorial\tutorial01\tutorial01\Debug\tutorial01.exe
       FinalizeBuildStatus:
         Deleting file "Debug\tutorial01.unsuccessfulbuild".
         Touching "Debug\tutorial01.lastbuildstate".
     1>Done Building Project "D:\tianyu\test\An ffmpeg and SDL Tutorial\tutorial01\tutorial01\tutorial01\tutorial01.vcxproj" (build target(s)).

Build succeeded.

Time Elapsed 00:00:00.94
