Build started 2019/1/9 15:39:45.
     1>Project "D:\tianyu\test\An ffmpeg and SDL Tutorial\tutorial03\tutorial03\tutorial03\tutorial03.vcxproj" on node 2 (build target(s)).
     1>InitializeBuildStatus:
         Creating "Debug\tutorial03.unsuccessfulbuild" because "AlwaysCreate" was specified.
       ClCompile:
         All outputs are up-to-date.
         C:\Program Files (x86)\Microsoft Visual Studio 10.0\VC\bin\CL.exe /c /I..\include /ZI /nologo /W3 /WX- /Od /Oy- /D WIN32 /D _DEBUG /D _CONSOLE /D _UNICODE /D UNICODE /Gm /EHsc /RTC1 /MDd /GS /fp:precise /Zc:wchar_t /Zc:forScope /Yu"StdAfx.h" /Fp"Debug\tutorial03.pch" /Fo"Debug\\" /Fd"Debug\vc100.pdb" /Gd /TP /analyze- /errorReport:prompt tutorial03.cpp
         tutorial03.cpp
     1>d:\tianyu\test\an ffmpeg and sdl tutorial\tutorial03\tutorial03\include\libavutil\rational.h : warning C4819: The file contains a character that cannot be represented in the current code page (936). Save the file in Unicode format to prevent data loss
     1>d:\tianyu\test\an ffmpeg and sdl tutorial\tutorial03\tutorial03\include\libavutil\rational.h : warning C4819: The file contains a character that cannot be represented in the current code page (936). Save the file in Unicode format to prevent data loss
     1>d:\tianyu\test\an ffmpeg and sdl tutorial\tutorial03\tutorial03\include\libavutil\rational.h : warning C4819: The file contains a character that cannot be represented in the current code page (936). Save the file in Unicode format to prevent data loss
     1>d:\tianyu\test\an ffmpeg and sdl tutorial\tutorial03\tutorial03\include\libavutil\rational.h : warning C4819: The file contains a character that cannot be represented in the current code page (936). Save the file in Unicode format to prevent data loss
     1>d:\tianyu\test\an ffmpeg and sdl tutorial\tutorial03\tutorial03\tutorial03\tutorial03.cpp(65): warning C4996: 'av_dup_packet': was declared deprecated
                 d:\tianyu\test\an ffmpeg and sdl tutorial\tutorial03\tutorial03\include\libavcodec\avcodec.h(4621) : see declaration of 'av_dup_packet'
     1>d:\tianyu\test\an ffmpeg and sdl tutorial\tutorial03\tutorial03\tutorial03\tutorial03.cpp(149): warning C4996: 'avcodec_decode_audio4': was declared deprecated
                 d:\tianyu\test\an ffmpeg and sdl tutorial\tutorial03\tutorial03\include\libavcodec\avcodec.h(4944) : see declaration of 'avcodec_decode_audio4'
     1>d:\tianyu\test\an ffmpeg and sdl tutorial\tutorial03\tutorial03\tutorial03\tutorial03.cpp(180): warning C4996: 'av_free_packet': was declared deprecated
                 d:\tianyu\test\an ffmpeg and sdl tutorial\tutorial03\tutorial03\include\libavcodec\avcodec.h(4650) : see declaration of 'av_free_packet'
     1>d:\tianyu\test\an ffmpeg and sdl tutorial\tutorial03\tutorial03\tutorial03\tutorial03.cpp(292): warning C4018: '<' : signed/unsigned mismatch
     1>d:\tianyu\test\an ffmpeg and sdl tutorial\tutorial03\tutorial03\tutorial03\tutorial03.cpp(294): warning C4996: 'AVStream::codec': was declared deprecated
                 d:\tianyu\test\an ffmpeg and sdl tutorial\tutorial03\tutorial03\include\libavformat\avformat.h(893) : see declaration of 'AVStream::codec'
     1>d:\tianyu\test\an ffmpeg and sdl tutorial\tutorial03\tutorial03\tutorial03\tutorial03.cpp(298): warning C4996: 'AVStream::codec': was declared deprecated
                 d:\tianyu\test\an ffmpeg and sdl tutorial\tutorial03\tutorial03\include\libavformat\avformat.h(893) : see declaration of 'AVStream::codec'
     1>d:\tianyu\test\an ffmpeg and sdl tutorial\tutorial03\tutorial03\tutorial03\tutorial03.cpp(308): warning C4996: 'AVStream::codec': was declared deprecated
                 d:\tianyu\test\an ffmpeg and sdl tutorial\tutorial03\tutorial03\include\libavformat\avformat.h(893) : see declaration of 'AVStream::codec'
     1>d:\tianyu\test\an ffmpeg and sdl tutorial\tutorial03\tutorial03\tutorial03\tutorial03.cpp(336): warning C4996: 'AVStream::codec': was declared deprecated
                 d:\tianyu\test\an ffmpeg and sdl tutorial\tutorial03\tutorial03\include\libavformat\avformat.h(893) : see declaration of 'AVStream::codec'
     1>d:\tianyu\test\an ffmpeg and sdl tutorial\tutorial03\tutorial03\tutorial03\tutorial03.cpp(379): warning C4996: 'avcodec_decode_video2': was declared deprecated
                 d:\tianyu\test\an ffmpeg and sdl tutorial\tutorial03\tutorial03\include\libavcodec\avcodec.h(4993) : see declaration of 'avcodec_decode_video2'
     1>d:\tianyu\test\an ffmpeg and sdl tutorial\tutorial03\tutorial03\tutorial03\tutorial03.cpp(387): warning C4996: 'AVPicture::data': was declared deprecated
                 d:\tianyu\test\an ffmpeg and sdl tutorial\tutorial03\tutorial03\include\libavcodec\avcodec.h(4063) : see declaration of 'AVPicture::data'
     1>d:\tianyu\test\an ffmpeg and sdl tutorial\tutorial03\tutorial03\tutorial03\tutorial03.cpp(388): warning C4996: 'AVPicture::data': was declared deprecated
                 d:\tianyu\test\an ffmpeg and sdl tutorial\tutorial03\tutorial03\include\libavcodec\avcodec.h(4063) : see declaration of 'AVPicture::data'
     1>d:\tianyu\test\an ffmpeg and sdl tutorial\tutorial03\tutorial03\tutorial03\tutorial03.cpp(389): warning C4996: 'AVPicture::data': was declared deprecated
                 d:\tianyu\test\an ffmpeg and sdl tutorial\tutorial03\tutorial03\include\libavcodec\avcodec.h(4063) : see declaration of 'AVPicture::data'
     1>d:\tianyu\test\an ffmpeg and sdl tutorial\tutorial03\tutorial03\tutorial03\tutorial03.cpp(391): warning C4996: 'AVPicture::linesize': was declared deprecated
                 d:\tianyu\test\an ffmpeg and sdl tutorial\tutorial03\tutorial03\include\libavcodec\avcodec.h(4065) : see declaration of 'AVPicture::linesize'
     1>d:\tianyu\test\an ffmpeg and sdl tutorial\tutorial03\tutorial03\tutorial03\tutorial03.cpp(392): warning C4996: 'AVPicture::linesize': was declared deprecated
                 d:\tianyu\test\an ffmpeg and sdl tutorial\tutorial03\tutorial03\include\libavcodec\avcodec.h(4065) : see declaration of 'AVPicture::linesize'
     1>d:\tianyu\test\an ffmpeg and sdl tutorial\tutorial03\tutorial03\tutorial03\tutorial03.cpp(393): warning C4996: 'AVPicture::linesize': was declared deprecated
                 d:\tianyu\test\an ffmpeg and sdl tutorial\tutorial03\tutorial03\include\libavcodec\avcodec.h(4065) : see declaration of 'AVPicture::linesize'
     1>d:\tianyu\test\an ffmpeg and sdl tutorial\tutorial03\tutorial03\tutorial03\tutorial03.cpp(396): warning C4996: 'AVPicture::data': was declared deprecated
                 d:\tianyu\test\an ffmpeg and sdl tutorial\tutorial03\tutorial03\include\libavcodec\avcodec.h(4063) : see declaration of 'AVPicture::data'
     1>d:\tianyu\test\an ffmpeg and sdl tutorial\tutorial03\tutorial03\tutorial03\tutorial03.cpp(396): warning C4996: 'AVPicture::linesize': was declared deprecated
                 d:\tianyu\test\an ffmpeg and sdl tutorial\tutorial03\tutorial03\include\libavcodec\avcodec.h(4065) : see declaration of 'AVPicture::linesize'
     1>d:\tianyu\test\an ffmpeg and sdl tutorial\tutorial03\tutorial03\tutorial03\tutorial03.cpp(405): warning C4996: 'av_free_packet': was declared deprecated
                 d:\tianyu\test\an ffmpeg and sdl tutorial\tutorial03\tutorial03\include\libavcodec\avcodec.h(4650) : see declaration of 'av_free_packet'
     1>d:\tianyu\test\an ffmpeg and sdl tutorial\tutorial03\tutorial03\tutorial03\tutorial03.cpp(414): warning C4996: 'av_free_packet': was declared deprecated
                 d:\tianyu\test\an ffmpeg and sdl tutorial\tutorial03\tutorial03\include\libavcodec\avcodec.h(4650) : see declaration of 'av_free_packet'
       ManifestResourceCompile:
         All outputs are up-to-date.
       Link:
         C:\Program Files (x86)\Microsoft Visual Studio 10.0\VC\bin\link.exe /ERRORREPORT:PROMPT /OUT:"D:\tianyu\test\An ffmpeg and SDL Tutorial\tutorial03\tutorial03\Debug\tutorial03.exe" /INCREMENTAL /NOLOGO /LIBPATH:..\lib avformat.lib avcodec.lib avutil.lib swscale.lib SDL.lib SDLmain.lib kernel32.lib user32.lib gdi32.lib winspool.lib comdlg32.lib advapi32.lib shell32.lib ole32.lib oleaut32.lib uuid.lib odbc32.lib odbccp32.lib /MANIFEST /ManifestFile:"Debug\tutorial03.exe.intermediate.manifest" /MANIFESTUAC:"level='asInvoker' uiAccess='false'" /DEBUG /PDB:"D:\tianyu\test\An ffmpeg and SDL Tutorial\tutorial03\tutorial03\Debug\tutorial03.pdb" /SUBSYSTEM:CONSOLE /TLBID:1 /DYNAMICBASE /NXCOMPAT /IMPLIB:"D:\tianyu\test\An ffmpeg and SDL Tutorial\tutorial03\tutorial03\Debug\tutorial03.lib" /MACHINE:X86 Debug\tutorial03.exe.embed.manifest.res
         Debug\stdafx.obj
         Debug\tutorial03.obj
       Manifest:
         C:\Program Files (x86)\Microsoft SDKs\Windows\v7.0A\bin\mt.exe /nologo /verbose /out:"Debug\tutorial03.exe.embed.manifest" /manifest Debug\tutorial03.exe.intermediate.manifest
         All outputs are up-to-date.
       LinkEmbedManifest:
         All outputs are up-to-date.
         tutorial03.vcxproj -> D:\tianyu\test\An ffmpeg and SDL Tutorial\tutorial03\tutorial03\Debug\tutorial03.exe
       FinalizeBuildStatus:
         Deleting file "Debug\tutorial03.unsuccessfulbuild".
         Touching "Debug\tutorial03.lastbuildstate".
     1>Done Building Project "D:\tianyu\test\An ffmpeg and SDL Tutorial\tutorial03\tutorial03\tutorial03\tutorial03.vcxproj" (build target(s)).

Build succeeded.

Time Elapsed 00:00:01.10
