D:\tianyu\test\An ffmpeg and SDL Tutorial\tutorial03\tutorial03\Debug\tutorial03.pdb
D:\tianyu\test\An ffmpeg and SDL Tutorial\tutorial03\tutorial03\tutorial03\Debug\cl.command.1.tlog
D:\tianyu\test\An ffmpeg and SDL Tutorial\tutorial03\tutorial03\tutorial03\Debug\CL.read.1.tlog
D:\tianyu\test\An ffmpeg and SDL Tutorial\tutorial03\tutorial03\tutorial03\Debug\CL.write.1.tlog
D:\tianyu\test\An ffmpeg and SDL Tutorial\tutorial03\tutorial03\tutorial03\Debug\link.32196.read.1.tlog
D:\tianyu\test\An ffmpeg and SDL Tutorial\tutorial03\tutorial03\tutorial03\Debug\link.32196.write.1.tlog
D:\tianyu\test\An ffmpeg and SDL Tutorial\tutorial03\tutorial03\tutorial03\Debug\link.32196-cvtres.read.1.tlog
D:\tianyu\test\An ffmpeg and SDL Tutorial\tutorial03\tutorial03\tutorial03\Debug\link.32196-cvtres.write.1.tlog
D:\tianyu\test\An ffmpeg and SDL Tutorial\tutorial03\tutorial03\tutorial03\Debug\link.33824.read.1.tlog
D:\tianyu\test\An ffmpeg and SDL Tutorial\tutorial03\tutorial03\tutorial03\Debug\link.33824.write.1.tlog
D:\tianyu\test\An ffmpeg and SDL Tutorial\tutorial03\tutorial03\tutorial03\Debug\link.33824-cvtres.read.1.tlog
D:\tianyu\test\An ffmpeg and SDL Tutorial\tutorial03\tutorial03\tutorial03\Debug\link.33824-cvtres.write.1.tlog
D:\tianyu\test\An ffmpeg and SDL Tutorial\tutorial03\tutorial03\tutorial03\Debug\link.command.1.tlog
D:\tianyu\test\An ffmpeg and SDL Tutorial\tutorial03\tutorial03\tutorial03\Debug\link.read.1.tlog
D:\tianyu\test\An ffmpeg and SDL Tutorial\tutorial03\tutorial03\tutorial03\Debug\link.write.1.tlog
D:\tianyu\test\An ffmpeg and SDL Tutorial\tutorial03\tutorial03\tutorial03\Debug\link-cvtres.read.1.tlog
D:\tianyu\test\An ffmpeg and SDL Tutorial\tutorial03\tutorial03\tutorial03\Debug\link-cvtres.write.1.tlog
D:\tianyu\test\An ffmpeg and SDL Tutorial\tutorial03\tutorial03\tutorial03\Debug\mt.command.1.tlog
D:\tianyu\test\An ffmpeg and SDL Tutorial\tutorial03\tutorial03\tutorial03\Debug\mt.read.1.tlog
D:\tianyu\test\An ffmpeg and SDL Tutorial\tutorial03\tutorial03\tutorial03\Debug\mt.write.1.tlog
D:\tianyu\test\An ffmpeg and SDL Tutorial\tutorial03\tutorial03\tutorial03\Debug\rc.command.1.tlog
D:\tianyu\test\An ffmpeg and SDL Tutorial\tutorial03\tutorial03\tutorial03\Debug\rc.read.1.tlog
D:\tianyu\test\An ffmpeg and SDL Tutorial\tutorial03\tutorial03\tutorial03\Debug\rc.write.1.tlog
D:\TIANYU\TEST\AN FFMPEG AND SDL TUTORIAL\TUTORIAL03\TUTORIAL03\TUTORIAL03\DEBUG\STDAFX.OBJ
D:\TIANYU\TEST\AN FFMPEG AND SDL TUTORIAL\TUTORIAL03\TUTORIAL03\TUTORIAL03\DEBUG\TUTORIAL03.EXE.EMBED.MANIFEST
D:\TIANYU\TEST\AN FFMPEG AND SDL TUTORIAL\TUTORIAL03\TUTORIAL03\TUTORIAL03\DEBUG\TUTORIAL03.EXE.EMBED.MANIFEST.RES
D:\tianyu\test\An ffmpeg and SDL Tutorial\tutorial03\tutorial03\tutorial03\Debug\tutorial03.exe.intermediate.manifest
D:\TIANYU\TEST\AN FFMPEG AND SDL TUTORIAL\TUTORIAL03\TUTORIAL03\TUTORIAL03\DEBUG\TUTORIAL03.OBJ
D:\TIANYU\TEST\AN FFMPEG AND SDL TUTORIAL\TUTORIAL03\TUTORIAL03\TUTORIAL03\DEBUG\TUTORIAL03.PCH
D:\tianyu\test\An ffmpeg and SDL Tutorial\tutorial03\tutorial03\tutorial03\Debug\tutorial03.vcxprojResolveAssemblyReference.cache
D:\tianyu\test\An ffmpeg and SDL Tutorial\tutorial03\tutorial03\tutorial03\Debug\tutorial03.write.1.tlog
D:\tianyu\test\An ffmpeg and SDL Tutorial\tutorial03\tutorial03\tutorial03\Debug\tutorial03_manifest.rc
D:\tianyu\test\An ffmpeg and SDL Tutorial\tutorial03\tutorial03\tutorial03\Debug\vc100.idb
D:\TIANYU\TEST\AN FFMPEG AND SDL TUTORIAL\TUTORIAL03\TUTORIAL03\TUTORIAL03\DEBUG\VC100.PDB
